

***********************************************************************
Fatal NI connect error 12514, connecting to:
 (DESCRIPTION=(CONNECT_DATA=(SERVICE_NAME=192.168.8.86)(CID=(PROGRAM=sqlplus@ubuntu)(HOST=ubuntu)(USER=sara)))(ADDRESS=(PROTOCOL=TCP)(HOST=192.168.8.86)(PORT=1521)))

  VERSION INFORMATION:
	TNS for Linux: Version 10.2.0.4.0 - Production
	TCP/IP NT Protocol Adapter for Linux: Version 10.2.0.4.0 - Production
  Time: 17-AUG-2010 15:53:57
  Tracing not turned on.
  Tns error struct:
    ns main err code: 12564
    TNS-12564: Message 12564 not found; No message file for product=network, facility=TNS
    ns secondary err code: 0
    nt main err code: 0
    nt secondary err code: 0
    nt OS err code: 0


***********************************************************************
Fatal NI connect error 12514, connecting to:
 (DESCRIPTION=(CONNECT_DATA=(SERVICE_NAME=192.168.8.86)(CID=(PROGRAM=sqlplus@ubuntu)(HOST=ubuntu)(USER=sara)))(ADDRESS=(PROTOCOL=TCP)(HOST=192.168.8.86)(PORT=1521)))

  VERSION INFORMATION:
	TNS for Linux: Version 10.2.0.4.0 - Production
	TCP/IP NT Protocol Adapter for Linux: Version 10.2.0.4.0 - Production
  Time: 19-AUG-2010 13:44:47
  Tracing not turned on.
  Tns error struct:
    ns main err code: 12564
    TNS-12564: Message 12564 not found; No message file for product=network, facility=TNS
    ns secondary err code: 0
    nt main err code: 0
    nt secondary err code: 0
    nt OS err code: 0
